<?xml version="1.0" encoding="UTF-8" ?>
<testsuite errors="9" failures="0" hostname="Monos-Mac-mini.local" name="functional.ServiceTest" skipped="0" tests="9" time="7.686" timestamp="2015-04-30T10:17:47">
  <properties>
    <property name="java.vendor" value="Oracle Corporation" />
    <property name="lib.dir" value="lib" />
    <property name="sun.java.launcher" value="SUN_STANDARD" />
    <property name="sun.management.compiler" value="HotSpot 64-Bit Tiered Compilers" />
    <property name="dist.test.file" value="fileServerTest.jar" />
    <property name="os.name" value="Mac OS X" />
    <property name="sun.boot.class.path" value="/Library/Java/JavaVirtualMachines/jdk1.7.0_51.jdk/Contents/Home/jre/lib/resources.jar:/Library/Java/JavaVirtualMachines/jdk1.7.0_51.jdk/Contents/Home/jre/lib/rt.jar:/Library/Java/JavaVirtualMachines/jdk1.7.0_51.jdk/Contents/Home/jre/lib/sunrsasign.jar:/Library/Java/JavaVirtualMachines/jdk1.7.0_51.jdk/Contents/Home/jre/lib/jsse.jar:/Library/Java/JavaVirtualMachines/jdk1.7.0_51.jdk/Contents/Home/jre/lib/jce.jar:/Library/Java/JavaVirtualMachines/jdk1.7.0_51.jdk/Contents/Home/jre/lib/charsets.jar:/Library/Java/JavaVirtualMachines/jdk1.7.0_51.jdk/Contents/Home/jre/lib/jfr.jar:/Library/Java/JavaVirtualMachines/jdk1.7.0_51.jdk/Contents/Home/jre/classes" />
    <property name="java.vm.specification.vendor" value="Oracle Corporation" />
    <property name="ant.home" value="/Users/mono/Workspace/apache-ant-1.9.4" />
    <property name="java.runtime.version" value="1.7.0_51-b13" />
    <property name="user.name" value="mono" />
    <property name="build.dir" value="bin" />
    <property name="ant.file.type.FileServer" value="file" />
    <property name="user.language" value="en" />
    <property name="sun.boot.library.path" value="/Library/Java/JavaVirtualMachines/jdk1.7.0_51.jdk/Contents/Home/jre/lib" />
    <property name="dist.src.file" value="fileServer.jar" />
    <property name="ant.project.default-target" value="build" />
    <property name="ant.project.name" value="FileServer" />
    <property name="ant.file.FileServer" value="/Users/mono/Workspace/FileServer/build.xml" />
    <property name="java.version" value="1.7.0_51" />
    <property name="user.timezone" value="" />
    <property name="resources.dir" value="src/main/resources" />
    <property name="sun.arch.data.model" value="64" />
    <property name="http.nonProxyHosts" value="local|*.local|169.254/16|*.169.254/16" />
    <property name="java.endorsed.dirs" value="/Library/Java/JavaVirtualMachines/jdk1.7.0_51.jdk/Contents/Home/jre/lib/endorsed" />
    <property name="sun.cpu.isalist" value="" />
    <property name="sun.jnu.encoding" value="UTF-8" />
    <property name="file.encoding.pkg" value="sun.io" />
    <property name="file.separator" value="/" />
    <property name="java.specification.name" value="Java Platform API Specification" />
    <property name="java.class.version" value="51.0" />
    <property name="user.country" value="US" />
    <property name="java.home" value="/Library/Java/JavaVirtualMachines/jdk1.7.0_51.jdk/Contents/Home/jre" />
    <property name="dist.dir" value="dist/jar" />
    <property name="java.vm.info" value="mixed mode" />
    <property name="ant.file" value="/Users/mono/Workspace/FileServer/build.xml" />
    <property name="os.version" value="10.10.3" />
    <property name="path.separator" value=":" />
    <property name="java.vm.version" value="24.51-b03" />
    <property name="report.dir" value="bin/junitReport" />
    <property name="ant.library.dir" value="/Users/mono/Workspace/apache-ant-1.9.4/lib" />
    <property name="java.awt.printerjob" value="sun.lwawt.macosx.CPrinterJob" />
    <property name="sun.io.unicode.encoding" value="UnicodeBig" />
    <property name="awt.toolkit" value="sun.lwawt.macosx.LWCToolkit" />
    <property name="socksNonProxyHosts" value="local|*.local|169.254/16|*.169.254/16" />
    <property name="ftp.nonProxyHosts" value="local|*.local|169.254/16|*.169.254/16" />
    <property name="user.home" value="/Users/mono" />
    <property name="java.specification.vendor" value="Oracle Corporation" />
    <property name="test.dir" value="src/test/java" />
    <property name="java.library.path" value="/Users/mono/Library/Java/Extensions:/Library/Java/Extensions:/Network/Library/Java/Extensions:/System/Library/Java/Extensions:/usr/lib/java:." />
    <property name="java.vendor.url" value="http://java.oracle.com/" />
    <property name="java.vm.vendor" value="Oracle Corporation" />
    <property name="gopherProxySet" value="false" />
    <property name="java.runtime.name" value="Java(TM) SE Runtime Environment" />
    <property name="sun.java.command" value="org.apache.tools.ant.taskdefs.optional.junit.JUnitTestRunner functional.ServiceTest skipNonTests=false filtertrace=true haltOnError=false haltOnFailure=false formatter=org.apache.tools.ant.taskdefs.optional.junit.SummaryJUnitResultFormatter showoutput=false outputtoformatters=true logfailedtests=true threadid=0 logtestlistenerevents=false formatter=org.apache.tools.ant.taskdefs.optional.junit.XMLJUnitResultFormatter,/Users/mono/Workspace/FileServer/bin/junitReport/TEST-functional.ServiceTest.xml crashfile=/Users/mono/Workspace/FileServer/junitvmwatcher7325250725368923831.properties propsfile=/Users/mono/Workspace/FileServer/junit8104915523959469389.properties" />
    <property name="java.class.path" value="/Users/mono/Workspace/FileServer/bin:/Users/mono/Workspace/FileServer/lib/junit.jar:/Users/mono/Workspace/FileServer/dist/jar/fileServer.jar:/Users/mono/Workspace/FileServer/dist/jar/fileServerTest.jar:/Users/mono/Workspace/apache-ant-1.9.4/lib/ant-launcher.jar:/Users/mono/Workspace/apache-ant-1.9.4/lib/ant.jar:/Users/mono/Workspace/apache-ant-1.9.4/lib/ant-junit.jar:/Users/mono/Workspace/apache-ant-1.9.4/lib/ant-junit4.jar" />
    <property name="ant.version" value="Apache Ant(TM) version 1.9.4 compiled on April 29 2014" />
    <property name="java.vm.specification.name" value="Java Virtual Machine Specification" />
    <property name="ant.file.type" value="file" />
    <property name="java.vm.specification.version" value="1.7" />
    <property name="sun.cpu.endian" value="little" />
    <property name="sun.os.patch.level" value="unknown" />
    <property name="java.io.tmpdir" value="/var/folders/n4/0510swv95n398dwk5zkmqq600000gn/T/" />
    <property name="java.vendor.url.bug" value="http://bugreport.sun.com/bugreport/" />
    <property name="os.arch" value="x86_64" />
    <property name="java.awt.graphicsenv" value="sun.awt.CGraphicsEnvironment" />
    <property name="java.ext.dirs" value="/Users/mono/Library/Java/Extensions:/Library/Java/JavaVirtualMachines/jdk1.7.0_51.jdk/Contents/Home/jre/lib/ext:/Library/Java/Extensions:/Network/Library/Java/Extensions:/System/Library/Java/Extensions:/usr/lib/java" />
    <property name="user.dir" value="/Users/mono/Workspace/FileServer" />
    <property name="line.separator" value="&#xa;" />
    <property name="java.vm.name" value="Java HotSpot(TM) 64-Bit Server VM" />
    <property name="basedir" value="/Users/mono/Workspace/FileServer" />
    <property name="ant.java.version" value="1.7" />
    <property name="ant.core.lib" value="/Users/mono/Workspace/apache-ant-1.9.4/lib/ant.jar" />
    <property name="file.encoding" value="UTF-8" />
    <property name="java.specification.version" value="1.7" />
    <property name="src.dir" value="src/main/java" />
    <property name="ant.project.invoked-targets" value="build,junit" />
  </properties>
  <testcase classname="functional.ServiceTest" name="test_homeDirectory_default" time="0.046">
    <error type="java.lang.NullPointerException">java.lang.NullPointerException
	at functional.ServiceTest.tearDown(Unknown Source)
</error>
  </testcase>
  <testcase classname="functional.ServiceTest" name="test_NonExistFile" time="0.999">
    <error type="java.lang.NullPointerException">java.lang.NullPointerException
	at functional.ServiceTest.tearDown(Unknown Source)
</error>
  </testcase>
  <testcase classname="functional.ServiceTest" name="test_openFile_image" time="1.013">
    <error type="java.lang.NullPointerException">java.lang.NullPointerException
	at functional.ServiceTest.tearDown(Unknown Source)
</error>
  </testcase>
  <testcase classname="functional.ServiceTest" name="test_sendPOST" time="0.99">
    <error type="java.lang.NullPointerException">java.lang.NullPointerException
	at functional.ServiceTest.tearDown(Unknown Source)
</error>
  </testcase>
  <testcase classname="functional.ServiceTest" name="test_homeDirectory" time="1.003">
    <error type="java.lang.NullPointerException">java.lang.NullPointerException
	at functional.ServiceTest.tearDown(Unknown Source)
</error>
  </testcase>
  <testcase classname="functional.ServiceTest" name="test_subDirectory" time="1.003">
    <error type="java.lang.NullPointerException">java.lang.NullPointerException
	at functional.ServiceTest.tearDown(Unknown Source)
</error>
  </testcase>
  <testcase classname="functional.ServiceTest" name="test_openFile_pdf" time="1.063">
    <error type="java.lang.NullPointerException">java.lang.NullPointerException
	at functional.ServiceTest.tearDown(Unknown Source)
</error>
  </testcase>
  <testcase classname="functional.ServiceTest" name="test_wrongContextPath" time="0.948">
    <error type="java.lang.NullPointerException">java.lang.NullPointerException
	at functional.ServiceTest.tearDown(Unknown Source)
</error>
  </testcase>
  <testcase classname="functional.ServiceTest" name="test_openFile_text" time="0.003">
    <error type="java.lang.NullPointerException">java.lang.NullPointerException
	at functional.ServiceTest.tearDown(Unknown Source)
</error>
  </testcase>
  <system-out><![CDATA[Server started. Try : localhost:8080/view
Loading... app.properties
Loading... messageBundle.properties
Loading... contentType.properties
]]></system-out>
  <system-err><![CDATA[Port already in use. Please choose different port
Port already in use. Please choose different port
Port already in use. Please choose different port
Port already in use. Please choose different port
Port already in use. Please choose different port
Port already in use. Please choose different port
Port already in use. Please choose different port
Port already in use. Please choose different port
]]></system-err>
</testsuite>
